<?xml version="1.0" encoding="UTF-8"?>
<!-- Generated by org.testng.reporters.JUnitXMLReporter -->
<testsuite ignored="0" hostname="contus-santhosh" failures="1" tests="4" name="Test" time="15.16" errors="0" timestamp="2022-08-26T00:11:11 IST">
  <testcase classname="io.cucumber.testng.AbstractTestNGCucumberTests" name="runScenario" time="11.771">
    <skipped/>
  </testcase> <!-- runScenario -->
  <testcase classname="io.cucumber.testng.AbstractTestNGCucumberTests" name="runScenario" time="0.178">
    <skipped/>
  </testcase> <!-- runScenario -->
  <testcase classname="io.cucumber.testng.AbstractTestNGCucumberTests" name="runScenario" time="0.162">
    <skipped/>
  </testcase> <!-- runScenario -->
  <testcase classname="io.cucumber.testng.AbstractTestNGCucumberTests" name="runScenario" time="0.166">
    <failure type="java.lang.AssertionError" message="expected [QA Engineer | Numadic] but found [Careers | Numadic]">
      <![CDATA[java.lang.AssertionError: expected [QA Engineer | Numadic] but found [Careers | Numadic]
at gudsho.numadic.stepdefinition.StepDefinition.user_is_in_home_page(StepDefinition.java:21)
at âœ½.User is in home page(file:///home/user/workspace/santhosh/test-project/src/test/resources/features/Numadic_Test.feature:8)
... Removed 6 stack frames]]>
    </failure>
  </testcase> <!-- runScenario -->
</testsuite> <!-- Test -->
