<?xml version="1.0" encoding="UTF-8"?>
<!-- Generated by org.testng.reporters.JUnitReportReporter -->
<testsuite hostname="contus-santhosh" failures="1" tests="4" name="gudsho.numadic.runner.TestRunner" time="12.277" errors="0" timestamp="2022-08-26T00:11:12 IST" skipped="3">
  <testcase classname="gudsho.numadic.runner.TestRunner" name="runScenario" time="0.162">
    <skipped/>
  </testcase> <!-- runScenario -->
  <system-out/>
  <testcase classname="gudsho.numadic.runner.TestRunner" name="runScenario" time="0.178">
    <skipped/>
  </testcase> <!-- runScenario -->
  <system-out/>
  <testcase classname="gudsho.numadic.runner.TestRunner" name="runScenario" time="0.166">
    <failure message="expected [QA Engineer | Numadic] but found [Careers | Numadic]" type="java.lang.AssertionError">
      <![CDATA[java.lang.AssertionError: expected [QA Engineer | Numadic] but found [Careers | Numadic]
at org.testng.Assert.fail(Assert.java:99)
at org.testng.Assert.failNotEquals(Assert.java:1037)
at org.testng.Assert.assertEqualsImpl(Assert.java:140)
at org.testng.Assert.assertEquals(Assert.java:122)
at org.testng.Assert.assertEquals(Assert.java:629)
at org.testng.Assert.assertEquals(Assert.java:639)
at gudsho.numadic.stepdefinition.StepDefinition.user_is_in_home_page(StepDefinition.java:21)
at âœ½.User is in home page(file:///home/user/workspace/santhosh/test-project/src/test/resources/features/Numadic_Test.feature:8)
]]>
    </failure>
  </testcase> <!-- runScenario -->
  <system-out/>
  <testcase classname="gudsho.numadic.runner.TestRunner" name="runScenario" time="11.771">
    <skipped/>
  </testcase> <!-- runScenario -->
  <system-out/>
</testsuite> <!-- gudsho.numadic.runner.TestRunner -->
